[20:39:23] [main/INFO] (FabricLoader/GameProvider) Loading Minecraft 1.21.4 with Fabric Loader 0.17.0
[20:39:23] [main/INFO] (FabricLoader) Loading 55 mods:
	- fabric-api 0.119.3+1.21.4
	- fabric-api-base 0.4.54+b47eab6b04
	- fabric-api-lookup-api-v1 1.6.86+b1caf1e904
	- fabric-biome-api-v1 15.0.6+b1c29d8e04
	- fabric-block-api-v1 1.0.31+7feeb73304
	- fabric-block-view-api-v2 1.0.20+9c49cc8c04
	- fabric-blockrenderlayer-v1 2.0.8+7feeb73304
	- fabric-client-gametest-api-v1 4.1.1+6816ccd404
	- fabric-client-tags-api-v1 1.1.29+20ea1e2304
	- fabric-command-api-v1 1.2.62+f71b366f04
	- fabric-command-api-v2 2.2.41+e496eb1504
	- fabric-commands-v0 0.2.79+df3654b304
	- fabric-content-registries-v0 9.1.19+25d1a67604
	- fabric-convention-tags-v1 2.1.20+7f945d5b04
	- fabric-convention-tags-v2 2.14.1+aebda09404
	- fabric-crash-report-info-v1 0.3.6+7feeb73304
	- fabric-data-attachment-api-v1 1.6.2+e99da0f704
	- fabric-data-generation-api-v1 22.3.1+0f4e5f5504
	- fabric-dimensions-v1 4.0.10+7feeb73304
	- fabric-entity-events-v1 2.0.15+62245bef04
	- fabric-events-interaction-v0 4.0.4+a4eebcf004
	- fabric-game-rule-api-v1 1.0.63+7d48d43904
	- fabric-gametest-api-v1 2.0.26+7feeb73304
	- fabric-item-api-v1 11.3.0+ee91fa1f04
	- fabric-item-group-api-v1 4.2.2+fcb9601404
	- fabric-key-binding-api-v1 1.0.57+7d48d43904
	- fabric-keybindings-v0 0.2.55+df3654b304
	- fabric-lifecycle-events-v1 2.5.4+bf2a60eb04
	- fabric-loot-api-v2 3.0.38+3f89f5a504
	- fabric-loot-api-v3 1.0.26+203e6b2304
	- fabric-message-api-v1 6.0.26+238a33c004
	- fabric-model-loading-api-v1 4.3.0+ae23723504
	- fabric-networking-api-v1 4.4.0+db5e668204
	- fabric-object-builder-api-v1 18.0.14+38b0d59804
	- fabric-particles-v1 4.0.14+7feeb73304
	- fabric-recipe-api-v1 8.1.1+640e77ae04
	- fabric-registry-sync-v0 6.1.11+4a9c1ece04
	- fabric-renderer-api-v1 5.0.3+50f0feb204
	- fabric-renderer-indigo 2.0.3+50f0feb204
	- fabric-rendering-data-attachment-v1 0.3.58+73761d2e04
	- fabric-rendering-fluids-v1 3.1.19+7feeb73304
	- fabric-rendering-v1 10.2.1+0d31b09f04
	- fabric-resource-conditions-api-v1 5.0.13+203e6b2304
	- fabric-resource-loader-v0 3.1.1+360374ac04
	- fabric-screen-api-v1 2.0.38+7feeb73304
	- fabric-screen-handler-api-v1 1.3.118+7feeb73304
	- fabric-sound-api-v1 1.0.32+7feeb73304
	- fabric-tag-api-v1 1.0.7+7d48d43904
	- fabric-transfer-api-v1 5.4.9+efa825c904
	- fabric-transitive-access-wideners-v1 6.3.2+56e78b9b04
	- fabricloader 0.17.0
	- java 24
	- minecraft 1.21.4
	- mixinextras 0.5.0
	- morevariants 1.0
[20:39:24] [main/INFO] (FabricLoader/Mixin) SpongePowered MIXIN Subsystem Version=0.8.7 Source=file:/C:/Users/M.Rayyan%20Adnan/.gradle/caches/modules-2/files-2.1/net.fabricmc/sponge-mixin/0.16.3+mixin.0.8.7/3e535042688d1265447e52ad86950b7d9678a5fa/sponge-mixin-0.16.3+mixin.0.8.7.jar Service=Knot/Fabric Env=CLIENT
[20:39:24] [main/INFO] (FabricLoader/Mixin) Loaded Fabric development mappings for mixin remapper!
[20:39:24] [main/INFO] (FabricLoader/Mixin) Compatibility level set to JAVA_21
[20:39:27] [main/INFO] (FabricLoader/MixinExtras|Service) Initializing MixinExtras via com.llamalad7.mixinextras.service.MixinExtrasServiceImpl(version=0.5.0).
[20:39:29] [Datafixer Bootstrap/INFO] (Minecraft) 243 Datafixer optimizations took 1242 milliseconds
[20:39:44] [Render thread/INFO] (Minecraft) [STDERR]: [LWJGL] [ThreadLocalUtil] Unsupported JNI version detected, this may result in a crash. Please inform LWJGL developers.
[20:39:45] [Render thread/INFO] (Minecraft) Environment: Environment[sessionHost=https://sessionserver.mojang.com, servicesHost=https://api.minecraftservices.com, name=PROD]
[20:39:45] [Render thread/INFO] (Minecraft) Setting user: Player200
[20:39:45] [Render thread/INFO] (morevariants) Registering MoreVariants Items.
[20:39:45] [Render thread/INFO] (morevariants) Registering Item Groups.
[20:39:45] [Render thread/INFO] (morevariants) Registering Entity Types.
[20:39:47] [Render thread/INFO] (Indigo) [Indigo] Registering Indigo renderer!
[20:39:47] [Render thread/INFO] (Minecraft) Backend library: LWJGL version 3.3.3-snapshot
[20:39:50] [Render thread/INFO] (Minecraft) Reloading ResourceManager: vanilla, fabric, fabric-api, fabric-api-base, fabric-api-lookup-api-v1, fabric-biome-api-v1, fabric-block-api-v1, fabric-block-view-api-v2, fabric-blockrenderlayer-v1, fabric-client-gametest-api-v1, fabric-client-tags-api-v1, fabric-command-api-v1, fabric-command-api-v2, fabric-commands-v0, fabric-content-registries-v0, fabric-convention-tags-v1, fabric-convention-tags-v2, fabric-crash-report-info-v1, fabric-data-attachment-api-v1, fabric-data-generation-api-v1, fabric-dimensions-v1, fabric-entity-events-v1, fabric-events-interaction-v0, fabric-game-rule-api-v1, fabric-gametest-api-v1, fabric-item-api-v1, fabric-item-group-api-v1, fabric-key-binding-api-v1, fabric-keybindings-v0, fabric-lifecycle-events-v1, fabric-loot-api-v2, fabric-loot-api-v3, fabric-message-api-v1, fabric-model-loading-api-v1, fabric-networking-api-v1, fabric-object-builder-api-v1, fabric-particles-v1, fabric-recipe-api-v1, fabric-registry-sync-v0, fabric-renderer-api-v1, fabric-renderer-indigo, fabric-rendering-data-attachment-v1, fabric-rendering-fluids-v1, fabric-rendering-v1, fabric-resource-conditions-api-v1, fabric-resource-loader-v0, fabric-screen-api-v1, fabric-screen-handler-api-v1, fabric-sound-api-v1, fabric-tag-api-v1, fabric-transfer-api-v1, fabric-transitive-access-wideners-v1, fabricloader, morevariants
[20:39:50] [Worker-Main-1/INFO] (Minecraft) Found unifont_all_no_pua-16.0.01.hex, loading
[20:39:50] [Worker-Main-2/INFO] (Minecraft) Found unifont_jp_patch-16.0.01.hex, loading
[20:39:54] [Worker-Main-2/WARN] (Minecraft) Missing textures in model morevariants:void_residue#inventory:
    minecraft:textures/atlas/blocks.png:morevariants:item/void_residue
[20:39:54] [Worker-Main-2/WARN] (Minecraft) Missing textures in model morevariants:rooted_pearl#inventory:
    minecraft:textures/atlas/blocks.png:morevariants:item/rooted_pearl
[20:39:54] [Worker-Main-2/WARN] (Minecraft) Missing textures in model morevariants:spore_sac#inventory:
    minecraft:textures/atlas/blocks.png:morevariants:item/spore_sac
[20:39:56] [Render thread/INFO] (Minecraft) OpenAL initialized on device OpenAL Soft on Speakers (Conexant ISST Audio)
[20:39:56] [Render thread/INFO] (Minecraft) Sound engine started
[20:39:56] [Render thread/INFO] (Minecraft) Created: 1024x512x3 minecraft:textures/atlas/blocks.png-atlas
[20:39:57] [Render thread/INFO] (Minecraft) Created: 256x256x3 minecraft:textures/atlas/signs.png-atlas
[20:39:57] [Render thread/INFO] (Minecraft) Created: 512x512x3 minecraft:textures/atlas/banner_patterns.png-atlas
[20:39:57] [Render thread/INFO] (Minecraft) Created: 512x512x3 minecraft:textures/atlas/shield_patterns.png-atlas
[20:39:57] [Render thread/INFO] (Minecraft) Created: 2048x1024x3 minecraft:textures/atlas/armor_trims.png-atlas
[20:39:59] [Render thread/INFO] (Minecraft) Created: 256x256x3 minecraft:textures/atlas/chest.png-atlas
[20:39:59] [Render thread/INFO] (Minecraft) Created: 128x64x3 minecraft:textures/atlas/decorated_pot.png-atlas
[20:40:00] [Render thread/INFO] (Minecraft) Created: 512x256x3 minecraft:textures/atlas/beds.png-atlas
[20:40:00] [Render thread/INFO] (Minecraft) Created: 512x256x3 minecraft:textures/atlas/shulker_boxes.png-atlas
[20:40:00] [Render thread/INFO] (Minecraft) Created: 64x64x0 minecraft:textures/atlas/map_decorations.png-atlas
[20:40:00] [Render thread/INFO] (Minecraft) Created: 512x256x0 minecraft:textures/atlas/particles.png-atlas
[20:40:00] [Render thread/INFO] (Minecraft) Created: 512x256x0 minecraft:textures/atlas/paintings.png-atlas
[20:40:00] [Render thread/INFO] (Minecraft) Created: 256x128x0 minecraft:textures/atlas/mob_effects.png-atlas
[20:40:00] [Render thread/INFO] (Minecraft) Created: 1024x512x0 minecraft:textures/atlas/gui.png-atlas
[20:40:12] [Render thread/INFO] (Minecraft) Loaded 1370 recipes
[20:40:12] [Render thread/INFO] (Minecraft) Loaded 1481 advancements
[20:40:13] [Render thread/INFO] (BiomeModificationImpl) Applied 0 biome modifications to 0 of 65 new biomes in 2.374 ms
[20:40:13] [Server thread/INFO] (Minecraft) Starting integrated minecraft server version 1.21.4
[20:40:13] [Server thread/INFO] (Minecraft) Generating keypair
[20:40:14] [Server thread/INFO] (Minecraft) Preparing start region for dimension minecraft:overworld
[20:40:18] [Render thread/INFO] (Minecraft) Preparing spawn area: 0%
[20:40:18] [Render thread/INFO] (Minecraft) Preparing spawn area: 0%
[20:40:18] [Render thread/INFO] (Minecraft) Preparing spawn area: 0%
[20:40:18] [Render thread/INFO] (Minecraft) Preparing spawn area: 0%
[20:40:18] [Render thread/INFO] (Minecraft) Preparing spawn area: 0%
[20:40:18] [Render thread/INFO] (Minecraft) Preparing spawn area: 0%
[20:40:18] [Render thread/INFO] (Minecraft) Preparing spawn area: 0%
[20:40:18] [Render thread/INFO] (Minecraft) Preparing spawn area: 0%
[20:40:18] [Render thread/INFO] (Minecraft) Preparing spawn area: 0%
[20:40:19] [Render thread/INFO] (Minecraft) Time elapsed: 4590 ms
[20:40:19] [Server thread/INFO] (Minecraft) Changing view distance to 3, from 10
[20:40:19] [Server thread/INFO] (Minecraft) Changing simulation distance to 5, from 0
[20:40:21] [Server thread/INFO] (Minecraft) Player200[local:E:db59e0b5] logged in with entity id 63 at (75.32234221999833, 68.0, -106.42271181322769)
[20:40:22] [Server thread/INFO] (Minecraft) Player200 joined the game
[20:40:22] [Render thread/INFO] (Minecraft) Loaded 2 advancements
[20:41:00] [Server thread/INFO] (Minecraft) [Player200: Set own game mode to Survival Mode]
[20:41:00] [Render thread/INFO] (Minecraft) [System] [CHAT] Set own game mode to Survival Mode
[20:41:03] [Server thread/INFO] (Minecraft) [Player200: Set own game mode to Creative Mode]
[20:41:03] [Render thread/INFO] (Minecraft) [System] [CHAT] Set own game mode to Creative Mode
[20:41:04] [Server thread/INFO] (Minecraft) [Player200: Set own game mode to Spectator Mode]
[20:41:04] [Render thread/INFO] (Minecraft) [System] [CHAT] Set own game mode to Spectator Mode
[20:41:05] [Server thread/INFO] (Minecraft) [Player200: Set own game mode to Creative Mode]
[20:41:05] [Render thread/INFO] (Minecraft) [System] [CHAT] Set own game mode to Creative Mode
[20:41:07] [Server thread/INFO] (Minecraft) [Player200: Set own game mode to Spectator Mode]
[20:41:07] [Render thread/INFO] (Minecraft) [System] [CHAT] Set own game mode to Spectator Mode
[20:41:12] [Server thread/INFO] (Minecraft) [Player200: Set own game mode to Creative Mode]
[20:41:12] [Render thread/INFO] (Minecraft) [System] [CHAT] Set own game mode to Creative Mode
[20:41:13] [Server thread/INFO] (Minecraft) [Player200: Set own game mode to Spectator Mode]
[20:41:13] [Render thread/INFO] (Minecraft) [System] [CHAT] Set own game mode to Spectator Mode
[20:41:15] [Server thread/INFO] (Minecraft) [Player200: Set own game mode to Creative Mode]
[20:41:15] [Render thread/INFO] (Minecraft) [System] [CHAT] Set own game mode to Creative Mode
[20:41:17] [Server thread/INFO] (Minecraft) [Player200: Set own game mode to Spectator Mode]
[20:41:17] [Render thread/INFO] (Minecraft) [System] [CHAT] Set own game mode to Spectator Mode
[20:41:18] [Server thread/INFO] (Minecraft) [Player200: Set own game mode to Creative Mode]
[20:41:18] [Render thread/INFO] (Minecraft) [System] [CHAT] Set own game mode to Creative Mode
[20:41:19] [Server thread/INFO] (Minecraft) [Player200: Set own game mode to Spectator Mode]
[20:41:19] [Render thread/INFO] (Minecraft) [System] [CHAT] Set own game mode to Spectator Mode
[20:41:20] [Server thread/INFO] (Minecraft) [Player200: Set own game mode to Creative Mode]
[20:41:20] [Render thread/INFO] (Minecraft) [System] [CHAT] Set own game mode to Creative Mode
[20:41:22] [Server thread/INFO] (Minecraft) [Player200: Set own game mode to Spectator Mode]
[20:41:22] [Render thread/INFO] (Minecraft) [System] [CHAT] Set own game mode to Spectator Mode
[20:41:30] [Server thread/INFO] (Minecraft) [Player200: Set own game mode to Creative Mode]
[20:41:30] [Render thread/INFO] (Minecraft) [System] [CHAT] Set own game mode to Creative Mode
[20:41:39] [Server thread/INFO] (Minecraft) [Player200: Set own game mode to Spectator Mode]
[20:41:39] [Render thread/INFO] (Minecraft) [System] [CHAT] Set own game mode to Spectator Mode
[20:41:46] [Server thread/INFO] (Minecraft) [Player200: Set own game mode to Creative Mode]
[20:41:46] [Render thread/INFO] (Minecraft) [System] [CHAT] Set own game mode to Creative Mode
[20:41:58] [Render thread/INFO] (Minecraft) Loaded 4 advancements
[20:43:18] [Render thread/WARN] (Minecraft) Unable to play empty soundEvent: minecraft:entity.salmon.ambient
[20:43:20] [Render thread/INFO] (Minecraft) Loaded 14 advancements
[20:45:25] [Render thread/INFO] (Minecraft) Stopping!
[20:45:25] [Server thread/INFO] (Minecraft) Player200 lost connection: Disconnected
[20:45:25] [Server thread/INFO] (Minecraft) Player200 left the game
[20:45:25] [Server thread/INFO] (Minecraft) Stopping singleplayer server as player logged out
[20:45:25] [Server thread/INFO] (Minecraft) Stopping server
[20:45:25] [Server thread/INFO] (Minecraft) Saving players
[20:45:25] [Server thread/INFO] (Minecraft) Saving worlds
[20:45:26] [Server thread/INFO] (Minecraft) Saving chunks for level 'ServerLevel[New World]'/minecraft:overworld
[20:45:27] [Server thread/INFO] (Minecraft) Saving chunks for level 'ServerLevel[New World]'/minecraft:the_nether
[20:45:27] [Server thread/INFO] (Minecraft) Saving chunks for level 'ServerLevel[New World]'/minecraft:the_end
[20:45:27] [Server thread/INFO] (Minecraft) ThreadedAnvilChunkStorage (New World): All chunks are saved
[20:45:27] [Server thread/INFO] (Minecraft) ThreadedAnvilChunkStorage (DIM-1): All chunks are saved
[20:45:27] [Server thread/INFO] (Minecraft) ThreadedAnvilChunkStorage (DIM1): All chunks are saved
[20:45:27] [Server thread/INFO] (Minecraft) ThreadedAnvilChunkStorage: All dimensions are saved
